-------------------------------------------------------------------------------
Test set: CucumberOptions.TestRunner
-------------------------------------------------------------------------------
Tests run: 1, Failures: 0, Errors: 1, Skipped: 0, Time elapsed: 0.185 s <<< FAILURE! - in CucumberOptions.TestRunner
initializationError(CucumberOptions.TestRunner)  Time elapsed: 0.011 s  <<< ERROR!
java.lang.IllegalArgumentException: path must exist: D:\Automation Project\SampleProject\src\test\jaava\Feature

